<!DOCTYPE html PUBLIC "-//W3C//DTD XHTML 1.1//EN" "https://www.w3.org/TR/xhtml11/DTD/xhtml11.dtd">
<html xmlns="https://www.w3.org/1999/xhtml">
<head>
<meta http-equiv="content-type" content="text/html; charset=UTF-8"/>
<title>TestNG Report</title>
<style type="text/css">table {margin-bottom:10px;border-collapse:collapse;empty-cells:show}th,td {border:1px solid #009;padding:.25em .5em}th {vertical-align:bottom}td {vertical-align:top}table a {font-weight:bold}.stripe td {background-color: #E6EBF9}.num {text-align:right}.passedodd td {background-color: #3F3}.passedeven td {background-color: #0A0}.skippedodd td {background-color: #DDD}.skippedeven td {background-color: #CCC}.failedodd td,.attn {background-color: #F33}.failedeven td,.stripe .attn {background-color: #D00}.stacktrace {white-space:pre;font-family:monospace}.totop {font-size:85%;text-align:center;border-bottom:2px solid #000}.invisible {display:none}</style>
</head>
<body>
<table>
<tr><th>Test</th><th># Passed</th><th># Skipped</th><th># Retried</th><th># Failed</th><th>Time (ms)</th><th>Included Groups</th><th>Excluded Groups</th></tr>
<tr><th colspan="8">learntestng</th></tr>
<tr><td><a href="#t0">test1</a></td><td class="num">5</td><td class="num">0</td><td class="num">0</td><td class="num attn">2</td><td class="num">63</td><td></td><td></td></tr>
<tr class="stripe"><td><a href="#t1">test2</a></td><td class="num">1</td><td class="num">0</td><td class="num">0</td><td class="num">0</td><td class="num">4</td><td></td><td></td></tr>
<tr><th>Total</th><th class="num">6</th><th class="num">0</th><th class="num">0</th><th class="num attn">2</th><th class="num">67</th><th colspan="2"></th></tr>
</table>
<table id='summary'><thead><tr><th>Class</th><th>Method</th><th>Start</th><th>Time (ms)</th></tr></thead><tbody><tr><th colspan="4">learntestng</th></tr></tbody><tbody id="t0"><tr><th colspan="4">test1 &#8212; failed</th></tr><tr class="failedeven"><td rowspan="2">com.tpddl.apps.learntestng.AppTest</td><td><a href="#m0">testUserLogin</a></td><td rowspan="2">1600406667247</td><td rowspan="2">1</td></tr><tr class="failedeven"><td><a href="#m1">testUserLogin</a></td></tr><tr><th colspan="4">test1 &#8212; passed</th></tr><tr class="passedeven"><td rowspan="4">com.tpddl.apps.learntestng.AppTest</td><td><a href="#m2">anotherMethod</a></td><td rowspan="1">1600406667215</td><td rowspan="1">6</td></tr><tr class="passedeven"><td><a href="#m3">collectData</a></td><td rowspan="1">1600406667225</td><td rowspan="1">1</td></tr><tr class="passedeven"><td><a href="#m4">testRegister</a></td><td rowspan="1">1600406667230</td><td rowspan="1">3</td></tr><tr class="passedeven"><td><a href="#m5">testUserLogin</a></td><td rowspan="1">1600406667238</td><td rowspan="1">2</td></tr><tr class="passedodd"><td rowspan="1">com.tpddl.apps.learntestng.UserTest</td><td><a href="#m6">profile</a></td><td rowspan="1">1600406667252</td><td rowspan="1">1</td></tr></tbody>
<tbody id="t1"><tr><th colspan="4">test2 &#8212; passed</th></tr><tr class="passedeven"><td rowspan="1">com.tpddl.apps.learntestng.EmployeeTest</td><td><a href="#m7">test3</a></td><td rowspan="1">1600406672288</td><td rowspan="1">2</td></tr></tbody>
</table>
<h2>test1</h2><h3 id="m0">com.tpddl.apps.learntestng.AppTest#testUserLogin</h3><table class="result"><tr class="param"><th>Parameter #1</th><th>Parameter #2</th></tr><tr class="param stripe"><td>shyam</td><td>333</td></tr><tr><th colspan="2">Exception</th></tr><tr><td colspan="2"><div class="stacktrace">java.lang.AssertionError: expected [333] but found [shyam]
	at com.tpddl.apps.learntestng.AppTest.testUserLogin(AppTest.java:68)
	at java.util.ArrayList.forEach(ArrayList.java:1257)
... Removed 33 stack frames</div></td></tr></table><p class="totop"><a href="#summary">back to summary</a></p>
<h3 id="m1">com.tpddl.apps.learntestng.AppTest#testUserLogin</h3><table class="result"><tr class="param"><th>Parameter #1</th><th>Parameter #2</th></tr><tr class="param stripe"><td>ram</td><td>222</td></tr><tr><th colspan="2">Exception</th></tr><tr><td colspan="2"><div class="stacktrace">java.lang.AssertionError: expected [222] but found [ram]
	at com.tpddl.apps.learntestng.AppTest.testUserLogin(AppTest.java:68)
	at java.util.ArrayList.forEach(ArrayList.java:1257)
... Removed 33 stack frames</div></td></tr></table><p class="totop"><a href="#summary">back to summary</a></p>
<h3 id="m2">com.tpddl.apps.learntestng.AppTest#anotherMethod</h3><table class="result"><tr><th class="invisible"/></tr></table><p class="totop"><a href="#summary">back to summary</a></p>
<h3 id="m3">com.tpddl.apps.learntestng.AppTest#collectData</h3><table class="result"><tr><th class="invisible"/></tr></table><p class="totop"><a href="#summary">back to summary</a></p>
<h3 id="m4">com.tpddl.apps.learntestng.AppTest#testRegister</h3><table class="result"><tr class="param"><th>Parameter #1</th></tr><tr class="param stripe"><td>xls</td></tr></table><p class="totop"><a href="#summary">back to summary</a></p>
<h3 id="m5">com.tpddl.apps.learntestng.AppTest#testUserLogin</h3><table class="result"><tr class="param"><th>Parameter #1</th><th>Parameter #2</th></tr><tr class="param stripe"><td>amit</td><td>amit</td></tr></table><p class="totop"><a href="#summary">back to summary</a></p>
<h3 id="m6">com.tpddl.apps.learntestng.UserTest#profile</h3><table class="result"><tr><th class="invisible"/></tr></table><p class="totop"><a href="#summary">back to summary</a></p>
<h2>test2</h2><h3 id="m7">com.tpddl.apps.learntestng.EmployeeTest#test3</h3><table class="result"><tr><th class="invisible"/></tr></table><p class="totop"><a href="#summary">back to summary</a></p>
</body>
</html>
