<?xml version="1.0" encoding="UTF-8"?>
<!-- Generated by org.testng.reporters.JUnitXMLReporter -->
<testsuite hostname="Amits-MacBook-Pro.local" ignored="0" name="test1" tests="2" failures="1" timestamp="2020-09-16T11:19:58 IST" time="28.31" errors="0">
  <testcase name="secondTest" time="13.915" classname="com.tpddl.appiumtesting.test.PreferenceTest">
    <failure type="java.lang.AssertionError" message="expected [true] but found [false]">
      <![CDATA[java.lang.AssertionError: expected [true] but found [false]
at com.tpddl.appiumtesting.test.PreferenceTest.secondTest(PreferenceTest.java:61)
at java.util.ArrayList.forEach(ArrayList.java:1257)
... Removed 31 stack frames]]>
    </failure>
  </testcase> <!-- secondTest -->
  <testcase name="testPref" time="14.352" classname="com.tpddl.appiumtesting.test.PreferenceTest"/>
</testsuite> <!-- test1 -->
